# JRE version: OpenJDK Runtime Environment (17.0.8.1+1) (build 17.0.8.1+1-Ubuntu-0ubuntu122.04)
# Java VM: OpenJDK 64-Bit Server VM (17.0.8.1+1-Ubuntu-0ubuntu122.04, mixed mode, sharing, tiered, compressed oops, compressed class ptrs, g1 gc, linux-amd64)
Heap:
 garbage-first heap   total 81920K, used 35539K [0x00000000a3e00000, 0x0000000100000000)
  region size 1024K, 7 young (7168K), 3 survivors (3072K)
 Metaspace       used 36438K, committed 36864K, reserved 1114112K
  class space    used 4777K, committed 4992K, reserved 1048576K
GC Heap History (20 events):
Event: 44.033 GC heap before
{Heap before GC invocations=28 (full 0):
 garbage-first heap   total 67584K, used 30278K [0x00000000a3e00000, 0x0000000100000000)
  region size 1024K, 3 young (3072K), 2 survivors (2048K)
 Metaspace       used 35889K, committed 36288K, reserved 1114112K
  class space    used 4765K, committed 4928K, reserved 1048576K
}
Event: 44.036 GC heap after
{Heap after GC invocations=29 (full 0):
 garbage-first heap   total 67584K, used 29413K [0x00000000a3e00000, 0x0000000100000000)
  region size 1024K, 2 young (2048K), 2 survivors (2048K)
 Metaspace       used 35889K, committed 36288K, reserved 1114112K
  class space    used 4765K, committed 4928K, reserved 1048576K
}
Event: 44.710 GC heap before
{Heap before GC invocations=29 (full 0):
 garbage-first heap   total 67584K, used 30437K [0x00000000a3e00000, 0x0000000100000000)
  region size 1024K, 3 young (3072K), 2 survivors (2048K)
 Metaspace       used 35931K, committed 36288K, reserved 1114112K
  class space    used 4765K, committed 4928K, reserved 1048576K
}
Event: 44.713 GC heap after
{Heap after GC invocations=30 (full 0):
 garbage-first heap   total 67584K, used 29523K [0x00000000a3e00000, 0x0000000100000000)
  region size 1024K, 2 young (2048K), 2 survivors (2048K)
 Metaspace       used 35931K, committed 36288K, reserved 1114112K
  class space    used 4765K, committed 4928K, reserved 1048576K
}
Event: 45.044 GC heap before
{Heap before GC invocations=30 (full 0):
 garbage-first heap   total 67584K, used 30547K [0x00000000a3e00000, 0x0000000100000000)
  region size 1024K, 3 young (3072K), 2 survivors (2048K)
 Metaspace       used 35979K, committed 36352K, reserved 1114112K
  class space    used 4767K, committed 4928K, reserved 1048576K
}
Event: 45.047 GC heap after
{Heap after GC invocations=31 (full 0):
 garbage-first heap   total 67584K, used 29699K [0x00000000a3e00000, 0x0000000100000000)
  region size 1024K, 2 young (2048K), 2 survivors (2048K)
 Metaspace       used 35979K, committed 36352K, reserved 1114112K
  class space    used 4767K, committed 4928K, reserved 1048576K
}
Event: 45.446 GC heap before
{Heap before GC invocations=31 (full 0):
 garbage-first heap   total 67584K, used 30723K [0x00000000a3e00000, 0x0000000100000000)
  region size 1024K, 3 young (3072K), 2 survivors (2048K)
 Metaspace       used 36010K, committed 36352K, reserved 1114112K
  class space    used 4767K, committed 4928K, reserved 1048576K
}
Event: 45.448 GC heap after
{Heap after GC invocations=32 (full 0):
 garbage-first heap   total 67584K, used 29710K [0x00000000a3e00000, 0x0000000100000000)
  region size 1024K, 2 young (2048K), 2 survivors (2048K)
 Metaspace       used 36010K, committed 36352K, reserved 1114112K
  class space    used 4767K, committed 4928K, reserved 1048576K
}
Event: 45.700 GC heap before
{Heap before GC invocations=32 (full 0):
 garbage-first heap   total 67584K, used 30734K [0x00000000a3e00000, 0x0000000100000000)
  region size 1024K, 3 young (3072K), 2 survivors (2048K)
 Metaspace       used 36020K, committed 36352K, reserved 1114112K
  class space    used 4767K, committed 4928K, reserved 1048576K
}
Event: 45.703 GC heap after
{Heap after GC invocations=33 (full 0):
 garbage-first heap   total 67584K, used 29817K [0x00000000a3e00000, 0x0000000100000000)
  region size 1024K, 2 young (2048K), 2 survivors (2048K)
 Metaspace       used 36020K, committed 36352K, reserved 1114112K
  class space    used 4767K, committed 4928K, reserved 1048576K
}
Event: 45.914 GC heap before
{Heap before GC invocations=33 (full 0):
 garbage-first heap   total 67584K, used 30841K [0x00000000a3e00000, 0x0000000100000000)
  region size 1024K, 3 young (3072K), 2 survivors (2048K)
 Metaspace       used 36057K, committed 36416K, reserved 1114112K
  class space    used 4767K, committed 4928K, reserved 1048576K
}
Event: 45.917 GC heap after
{Heap after GC invocations=34 (full 0):
 garbage-first heap   total 67584K, used 29900K [0x00000000a3e00000, 0x0000000100000000)
  region size 1024K, 2 young (2048K), 2 survivors (2048K)
 Metaspace       used 36057K, committed 36416K, reserved 1114112K
  class space    used 4767K, committed 4928K, reserved 1048576K
}
Event: 46.112 GC heap before
{Heap before GC invocations=35 (full 0):
 garbage-first heap   total 67584K, used 30924K [0x00000000a3e00000, 0x0000000100000000)
  region size 1024K, 3 young (3072K), 2 survivors (2048K)
 Metaspace       used 36069K, committed 36416K, reserved 1114112K
  class space    used 4767K, committed 4928K, reserved 1048576K
}
Event: 46.114 GC heap after
{Heap after GC invocations=36 (full 0):
 garbage-first heap   total 67584K, used 30083K [0x00000000a3e00000, 0x0000000100000000)
  region size 1024K, 2 young (2048K), 2 survivors (2048K)
 Metaspace       used 36069K, committed 36416K, reserved 1114112K
  class space    used 4767K, committed 4928K, reserved 1048576K
}
Event: 46.293 GC heap before
{Heap before GC invocations=37 (full 0):
 garbage-first heap   total 67584K, used 31107K [0x00000000a3e00000, 0x0000000100000000)
  region size 1024K, 3 young (3072K), 2 survivors (2048K)
 Metaspace       used 36101K, committed 36416K, reserved 1114112K
  class space    used 4767K, committed 4928K, reserved 1048576K
}
Event: 46.296 GC heap after
{Heap after GC invocations=38 (full 0):
 garbage-first heap   total 81920K, used 30093K [0x00000000a3e00000, 0x0000000100000000)
  region size 1024K, 2 young (2048K), 2 survivors (2048K)
 Metaspace       used 36101K, committed 36416K, reserved 1114112K
  class space    used 4767K, committed 4928K, reserved 1048576K
}
Event: 50.125 GC heap before
{Heap before GC invocations=38 (full 0):
 garbage-first heap   total 81920K, used 45453K [0x00000000a3e00000, 0x0000000100000000)
  region size 1024K, 12 young (12288K), 2 survivors (2048K)
 Metaspace       used 36289K, committed 36608K, reserved 1114112K
  class space    used 4767K, committed 4928K, reserved 1048576K
}
Event: 50.130 GC heap after
{Heap after GC invocations=39 (full 0):
 garbage-first heap   total 81920K, used 30778K [0x00000000a3e00000, 0x0000000100000000)
  region size 1024K, 3 young (3072K), 3 survivors (3072K)
 Metaspace       used 36289K, committed 36608K, reserved 1114112K
  class space    used 4767K, committed 4928K, reserved 1048576K
}
Event: 58.175 GC heap before
{Heap before GC invocations=39 (full 0):
 garbage-first heap   total 81920K, used 64570K [0x00000000a3e00000, 0x0000000100000000)
  region size 1024K, 30 young (30720K), 3 survivors (3072K)
 Metaspace       used 36387K, committed 36736K, reserved 1114112K
  class space    used 4770K, committed 4928K, reserved 1048576K
}
Event: 58.178 GC heap after
{Heap after GC invocations=40 (full 0):
 garbage-first heap   total 81920K, used 32467K [0x00000000a3e00000, 0x0000000100000000)
  region size 1024K, 3 young (3072K), 3 survivors (3072K)
 Metaspace       used 36387K, committed 36736K, reserved 1114112K
  class space    used 4770K, committed 4928K, reserved 1048576K
}

