# JRE version: OpenJDK Runtime Environment (17.0.8.1+1) (build 17.0.8.1+1-Ubuntu-0ubuntu122.04)
# Java VM: OpenJDK 64-Bit Server VM (17.0.8.1+1-Ubuntu-0ubuntu122.04, mixed mode, sharing, tiered, compressed oops, compressed class ptrs, g1 gc, linux-amd64)
Heap:
 garbage-first heap   total 58368K, used 27767K [0x00000000a3e00000, 0x0000000100000000)
  region size 1024K, 5 young (5120K), 2 survivors (2048K)
 Metaspace       used 27731K, committed 28096K, reserved 1114112K
  class space    used 3835K, committed 4032K, reserved 1048576K
GC Heap History (20 events):
Event: 1.553 GC heap before
{Heap before GC invocations=2 (full 0):
 garbage-first heap   total 98304K, used 60722K [0x00000000a3e00000, 0x0000000100000000)
  region size 1024K, 56 young (57344K), 1 survivors (1024K)
 Metaspace       used 15816K, committed 16128K, reserved 1114112K
  class space    used 1882K, committed 2048K, reserved 1048576K
}
Event: 1.562 GC heap after
{Heap after GC invocations=3 (full 0):
 garbage-first heap   total 98304K, used 8784K [0x00000000a3e00000, 0x0000000100000000)
  region size 1024K, 5 young (5120K), 5 survivors (5120K)
 Metaspace       used 15816K, committed 16128K, reserved 1114112K
  class space    used 1882K, committed 2048K, reserved 1048576K
}
Event: 1.822 GC heap before
{Heap before GC invocations=3 (full 0):
 garbage-first heap   total 98304K, used 24144K [0x00000000a3e00000, 0x0000000100000000)
  region size 1024K, 22 young (22528K), 5 survivors (5120K)
 Metaspace       used 21256K, committed 21504K, reserved 1114112K
  class space    used 2759K, committed 2880K, reserved 1048576K
}
Event: 1.830 GC heap after
{Heap after GC invocations=4 (full 0):
 garbage-first heap   total 98304K, used 11711K [0x00000000a3e00000, 0x0000000100000000)
  region size 1024K, 3 young (3072K), 3 survivors (3072K)
 Metaspace       used 21256K, committed 21504K, reserved 1114112K
  class space    used 2759K, committed 2880K, reserved 1048576K
}
Event: 14.531 GC heap before
{Heap before GC invocations=5 (full 0):
 garbage-first heap   total 48128K, used 38335K [0x00000000a3e00000, 0x0000000100000000)
  region size 1024K, 20 young (20480K), 3 survivors (3072K)
 Metaspace       used 26009K, committed 26304K, reserved 1114112K
  class space    used 3747K, committed 3904K, reserved 1048576K
}
Event: 14.538 GC heap after
{Heap after GC invocations=6 (full 0):
 garbage-first heap   total 48128K, used 22545K [0x00000000a3e00000, 0x0000000100000000)
  region size 1024K, 2 young (2048K), 2 survivors (2048K)
 Metaspace       used 26009K, committed 26304K, reserved 1114112K
  class space    used 3747K, committed 3904K, reserved 1048576K
}
Event: 14.543 GC heap before
{Heap before GC invocations=6 (full 0):
 garbage-first heap   total 48128K, used 22545K [0x00000000a3e00000, 0x0000000100000000)
  region size 1024K, 3 young (3072K), 2 survivors (2048K)
 Metaspace       used 26081K, committed 26496K, reserved 1114112K
  class space    used 3758K, committed 3968K, reserved 1048576K
}
Event: 14.546 GC heap after
{Heap after GC invocations=7 (full 0):
 garbage-first heap   total 48128K, used 22627K [0x00000000a3e00000, 0x0000000100000000)
  region size 1024K, 1 young (1024K), 1 survivors (1024K)
 Metaspace       used 26081K, committed 26496K, reserved 1114112K
  class space    used 3758K, committed 3968K, reserved 1048576K
}
Event: 18.784 GC heap before
{Heap before GC invocations=8 (full 0):
 garbage-first heap   total 48128K, used 25699K [0x00000000a3e00000, 0x0000000100000000)
  region size 1024K, 4 young (4096K), 1 survivors (1024K)
 Metaspace       used 26631K, committed 26944K, reserved 1114112K
  class space    used 3796K, committed 3968K, reserved 1048576K
}
Event: 18.786 GC heap after
{Heap after GC invocations=9 (full 0):
 garbage-first heap   total 48128K, used 24050K [0x00000000a3e00000, 0x0000000100000000)
  region size 1024K, 1 young (1024K), 1 survivors (1024K)
 Metaspace       used 26631K, committed 26944K, reserved 1114112K
  class space    used 3796K, committed 3968K, reserved 1048576K
}
Event: 19.774 GC heap before
{Heap before GC invocations=10 (full 0):
 garbage-first heap   total 48128K, used 26098K [0x00000000a3e00000, 0x0000000100000000)
  region size 1024K, 3 young (3072K), 1 survivors (1024K)
 Metaspace       used 26826K, committed 27136K, reserved 1114112K
  class space    used 3807K, committed 3968K, reserved 1048576K
}
Event: 19.776 GC heap after
{Heap after GC invocations=11 (full 0):
 garbage-first heap   total 58368K, used 24129K [0x00000000a3e00000, 0x0000000100000000)
  region size 1024K, 1 young (1024K), 1 survivors (1024K)
 Metaspace       used 26826K, committed 27136K, reserved 1114112K
  class space    used 3807K, committed 3968K, reserved 1048576K
}
Event: 39.580 GC heap before
{Heap before GC invocations=11 (full 0):
 garbage-first heap   total 58368K, used 30273K [0x00000000a3e00000, 0x0000000100000000)
  region size 1024K, 7 young (7168K), 1 survivors (1024K)
 Metaspace       used 27329K, committed 27712K, reserved 1114112K
  class space    used 3815K, committed 4032K, reserved 1048576K
}
Event: 39.583 GC heap after
{Heap after GC invocations=12 (full 0):
 garbage-first heap   total 58368K, used 24354K [0x00000000a3e00000, 0x0000000100000000)
  region size 1024K, 1 young (1024K), 1 survivors (1024K)
 Metaspace       used 27329K, committed 27712K, reserved 1114112K
  class space    used 3815K, committed 4032K, reserved 1048576K
}
Event: 40.368 GC heap before
{Heap before GC invocations=12 (full 0):
 garbage-first heap   total 58368K, used 26402K [0x00000000a3e00000, 0x0000000100000000)
  region size 1024K, 3 young (3072K), 1 survivors (1024K)
 Metaspace       used 27377K, committed 27776K, reserved 1114112K
  class space    used 3815K, committed 4032K, reserved 1048576K
}
Event: 40.370 GC heap after
{Heap after GC invocations=13 (full 0):
 garbage-first heap   total 58368K, used 24432K [0x00000000a3e00000, 0x0000000100000000)
  region size 1024K, 1 young (1024K), 1 survivors (1024K)
 Metaspace       used 27377K, committed 27776K, reserved 1114112K
  class space    used 3815K, committed 4032K, reserved 1048576K
}
Event: 40.926 GC heap before
{Heap before GC invocations=13 (full 0):
 garbage-first heap   total 58368K, used 25456K [0x00000000a3e00000, 0x0000000100000000)
  region size 1024K, 2 young (2048K), 1 survivors (1024K)
 Metaspace       used 27495K, committed 27840K, reserved 1114112K
  class space    used 3815K, committed 4032K, reserved 1048576K
}
Event: 40.928 GC heap after
{Heap after GC invocations=14 (full 0):
 garbage-first heap   total 58368K, used 24541K [0x00000000a3e00000, 0x0000000100000000)
  region size 1024K, 2 young (2048K), 2 survivors (2048K)
 Metaspace       used 27495K, committed 27840K, reserved 1114112K
  class space    used 3815K, committed 4032K, reserved 1048576K
}
Event: 42.000 GC heap before
{Heap before GC invocations=14 (full 0):
 garbage-first heap   total 58368K, used 26589K [0x00000000a3e00000, 0x0000000100000000)
  region size 1024K, 4 young (4096K), 2 survivors (2048K)
 Metaspace       used 27652K, committed 28032K, reserved 1114112K
  class space    used 3829K, committed 4032K, reserved 1048576K
}
Event: 42.002 GC heap after
{Heap after GC invocations=15 (full 0):
 garbage-first heap   total 58368K, used 24695K [0x00000000a3e00000, 0x0000000100000000)
  region size 1024K, 2 young (2048K), 2 survivors (2048K)
 Metaspace       used 27652K, committed 28032K, reserved 1114112K
  class space    used 3829K, committed 4032K, reserved 1048576K
}

