# JRE version: OpenJDK Runtime Environment (17.0.8.1+1) (build 17.0.8.1+1-Ubuntu-0ubuntu122.04)
# Java VM: OpenJDK 64-Bit Server VM (17.0.8.1+1-Ubuntu-0ubuntu122.04, mixed mode, sharing, tiered, compressed oops, compressed class ptrs, g1 gc, linux-amd64)
Heap:
 garbage-first heap   total 58368K, used 26874K [0x00000000a3e00000, 0x0000000100000000)
  region size 1024K, 4 young (4096K), 2 survivors (2048K)
 Metaspace       used 27752K, committed 28096K, reserved 1114112K
  class space    used 3821K, committed 4032K, reserved 1048576K
GC Heap History (20 events):
Event: 1.785 GC heap before
{Heap before GC invocations=3 (full 0):
 garbage-first heap   total 98304K, used 25295K [0x00000000a3e00000, 0x0000000100000000)
  region size 1024K, 24 young (24576K), 6 survivors (6144K)
 Metaspace       used 21270K, committed 21504K, reserved 1114112K
  class space    used 2759K, committed 2880K, reserved 1048576K
}
Event: 1.794 GC heap after
{Heap after GC invocations=4 (full 0):
 garbage-first heap   total 98304K, used 11619K [0x00000000a3e00000, 0x0000000100000000)
  region size 1024K, 3 young (3072K), 3 survivors (3072K)
 Metaspace       used 21270K, committed 21504K, reserved 1114112K
  class space    used 2759K, committed 2880K, reserved 1048576K
}
Event: 13.634 GC heap before
{Heap before GC invocations=5 (full 0):
 garbage-first heap   total 48128K, used 38243K [0x00000000a3e00000, 0x0000000100000000)
  region size 1024K, 20 young (20480K), 3 survivors (3072K)
 Metaspace       used 26028K, committed 26368K, reserved 1114112K
  class space    used 3747K, committed 3904K, reserved 1048576K
}
Event: 13.640 GC heap after
{Heap after GC invocations=6 (full 0):
 garbage-first heap   total 48128K, used 22371K [0x00000000a3e00000, 0x0000000100000000)
  region size 1024K, 2 young (2048K), 2 survivors (2048K)
 Metaspace       used 26028K, committed 26368K, reserved 1114112K
  class space    used 3747K, committed 3904K, reserved 1048576K
}
Event: 13.644 GC heap before
{Heap before GC invocations=6 (full 0):
 garbage-first heap   total 48128K, used 22371K [0x00000000a3e00000, 0x0000000100000000)
  region size 1024K, 3 young (3072K), 2 survivors (2048K)
 Metaspace       used 26104K, committed 26496K, reserved 1114112K
  class space    used 3758K, committed 3968K, reserved 1048576K
}
Event: 13.648 GC heap after
{Heap after GC invocations=7 (full 0):
 garbage-first heap   total 48128K, used 22804K [0x00000000a3e00000, 0x0000000100000000)
  region size 1024K, 1 young (1024K), 1 survivors (1024K)
 Metaspace       used 26104K, committed 26496K, reserved 1114112K
  class space    used 3758K, committed 3968K, reserved 1048576K
}
Event: 17.643 GC heap before
{Heap before GC invocations=8 (full 0):
 garbage-first heap   total 48128K, used 25876K [0x00000000a3e00000, 0x0000000100000000)
  region size 1024K, 4 young (4096K), 1 survivors (1024K)
 Metaspace       used 26727K, committed 27072K, reserved 1114112K
  class space    used 3800K, committed 3968K, reserved 1048576K
}
Event: 17.646 GC heap after
{Heap after GC invocations=9 (full 0):
 garbage-first heap   total 48128K, used 24059K [0x00000000a3e00000, 0x0000000100000000)
  region size 1024K, 1 young (1024K), 1 survivors (1024K)
 Metaspace       used 26727K, committed 27072K, reserved 1114112K
  class space    used 3800K, committed 3968K, reserved 1048576K
}
Event: 18.348 GC heap before
{Heap before GC invocations=10 (full 0):
 garbage-first heap   total 48128K, used 26107K [0x00000000a3e00000, 0x0000000100000000)
  region size 1024K, 3 young (3072K), 1 survivors (1024K)
 Metaspace       used 26873K, committed 27200K, reserved 1114112K
  class space    used 3811K, committed 3968K, reserved 1048576K
}
Event: 18.352 GC heap after
{Heap after GC invocations=11 (full 0):
 garbage-first heap   total 58368K, used 24126K [0x00000000a3e00000, 0x0000000100000000)
  region size 1024K, 1 young (1024K), 1 survivors (1024K)
 Metaspace       used 26873K, committed 27200K, reserved 1114112K
  class space    used 3811K, committed 3968K, reserved 1048576K
}
Event: 45.673 GC heap before
{Heap before GC invocations=11 (full 0):
 garbage-first heap   total 58368K, used 31294K [0x00000000a3e00000, 0x0000000100000000)
  region size 1024K, 8 young (8192K), 1 survivors (1024K)
 Metaspace       used 27380K, committed 27776K, reserved 1114112K
  class space    used 3813K, committed 4032K, reserved 1048576K
}
Event: 45.675 GC heap after
{Heap after GC invocations=12 (full 0):
 garbage-first heap   total 58368K, used 24369K [0x00000000a3e00000, 0x0000000100000000)
  region size 1024K, 1 young (1024K), 1 survivors (1024K)
 Metaspace       used 27380K, committed 27776K, reserved 1114112K
  class space    used 3813K, committed 4032K, reserved 1048576K
}
Event: 46.765 GC heap before
{Heap before GC invocations=12 (full 0):
 garbage-first heap   total 58368K, used 26417K [0x00000000a3e00000, 0x0000000100000000)
  region size 1024K, 3 young (3072K), 1 survivors (1024K)
 Metaspace       used 27443K, committed 27776K, reserved 1114112K
  class space    used 3813K, committed 4032K, reserved 1048576K
}
Event: 46.768 GC heap after
{Heap after GC invocations=13 (full 0):
 garbage-first heap   total 58368K, used 24437K [0x00000000a3e00000, 0x0000000100000000)
  region size 1024K, 1 young (1024K), 1 survivors (1024K)
 Metaspace       used 27443K, committed 27776K, reserved 1114112K
  class space    used 3813K, committed 4032K, reserved 1048576K
}
Event: 48.821 GC heap before
{Heap before GC invocations=13 (full 0):
 garbage-first heap   total 58368K, used 26485K [0x00000000a3e00000, 0x0000000100000000)
  region size 1024K, 3 young (3072K), 1 survivors (1024K)
 Metaspace       used 27554K, committed 27904K, reserved 1114112K
  class space    used 3814K, committed 4032K, reserved 1048576K
}
Event: 48.822 GC heap after
{Heap after GC invocations=14 (full 0):
 garbage-first heap   total 58368K, used 24637K [0x00000000a3e00000, 0x0000000100000000)
  region size 1024K, 2 young (2048K), 2 survivors (2048K)
 Metaspace       used 27554K, committed 27904K, reserved 1114112K
  class space    used 3814K, committed 4032K, reserved 1048576K
}
Event: 49.582 GC heap before
{Heap before GC invocations=14 (full 0):
 garbage-first heap   total 58368K, used 26685K [0x00000000a3e00000, 0x0000000100000000)
  region size 1024K, 4 young (4096K), 2 survivors (2048K)
 Metaspace       used 27622K, committed 28032K, reserved 1114112K
  class space    used 3814K, committed 4032K, reserved 1048576K
}
Event: 49.585 GC heap after
{Heap after GC invocations=15 (full 0):
 garbage-first heap   total 58368K, used 24655K [0x00000000a3e00000, 0x0000000100000000)
  region size 1024K, 2 young (2048K), 2 survivors (2048K)
 Metaspace       used 27622K, committed 28032K, reserved 1114112K
  class space    used 3814K, committed 4032K, reserved 1048576K
}
Event: 52.213 GC heap before
{Heap before GC invocations=15 (full 0):
 garbage-first heap   total 58368K, used 27727K [0x00000000a3e00000, 0x0000000100000000)
  region size 1024K, 5 young (5120K), 2 survivors (2048K)
 Metaspace       used 27692K, committed 28096K, reserved 1114112K
  class space    used 3815K, committed 4032K, reserved 1048576K
}
Event: 52.215 GC heap after
{Heap after GC invocations=16 (full 0):
 garbage-first heap   total 58368K, used 24826K [0x00000000a3e00000, 0x0000000100000000)
  region size 1024K, 2 young (2048K), 2 survivors (2048K)
 Metaspace       used 27692K, committed 28096K, reserved 1114112K
  class space    used 3815K, committed 4032K, reserved 1048576K
}

