# JRE version: OpenJDK Runtime Environment (17.0.8.1+1) (build 17.0.8.1+1-Ubuntu-0ubuntu122.04)
# Java VM: OpenJDK 64-Bit Server VM (17.0.8.1+1-Ubuntu-0ubuntu122.04, mixed mode, sharing, tiered, compressed oops, compressed class ptrs, g1 gc, linux-amd64)
Heap:
 garbage-first heap   total 48128K, used 32211K [0x00000000a3e00000, 0x0000000100000000)
  region size 1024K, 7 young (7168K), 1 survivors (1024K)
 Metaspace       used 27216K, committed 27520K, reserved 1114112K
  class space    used 3814K, committed 3968K, reserved 1048576K
GC Heap History (14 events):
Event: 0.313 GC heap before
{Heap before GC invocations=0 (full 0):
 garbage-first heap   total 98304K, used 14316K [0x00000000a3e00000, 0x0000000100000000)
  region size 1024K, 13 young (13312K), 0 survivors (0K)
 Metaspace       used 4229K, committed 4416K, reserved 1114112K
  class space    used 489K, committed 576K, reserved 1048576K
}
Event: 0.316 GC heap after
{Heap after GC invocations=1 (full 0):
 garbage-first heap   total 98304K, used 3684K [0x00000000a3e00000, 0x0000000100000000)
  region size 1024K, 2 young (2048K), 2 survivors (2048K)
 Metaspace       used 4229K, committed 4416K, reserved 1114112K
  class space    used 489K, committed 576K, reserved 1048576K
}
Event: 0.506 GC heap before
{Heap before GC invocations=1 (full 0):
 garbage-first heap   total 98304K, used 19044K [0x00000000a3e00000, 0x0000000100000000)
  region size 1024K, 18 young (18432K), 2 survivors (2048K)
 Metaspace       used 5938K, committed 6080K, reserved 1114112K
  class space    used 713K, committed 768K, reserved 1048576K
}
Event: 0.510 GC heap after
{Heap after GC invocations=2 (full 0):
 garbage-first heap   total 98304K, used 4365K [0x00000000a3e00000, 0x0000000100000000)
  region size 1024K, 1 young (1024K), 1 survivors (1024K)
 Metaspace       used 5938K, committed 6080K, reserved 1114112K
  class space    used 713K, committed 768K, reserved 1048576K
}
Event: 1.577 GC heap before
{Heap before GC invocations=2 (full 0):
 garbage-first heap   total 98304K, used 60685K [0x00000000a3e00000, 0x0000000100000000)
  region size 1024K, 56 young (57344K), 1 survivors (1024K)
 Metaspace       used 15827K, committed 16128K, reserved 1114112K
  class space    used 1882K, committed 2048K, reserved 1048576K
}
Event: 1.584 GC heap after
{Heap after GC invocations=3 (full 0):
 garbage-first heap   total 98304K, used 8657K [0x00000000a3e00000, 0x0000000100000000)
  region size 1024K, 5 young (5120K), 5 survivors (5120K)
 Metaspace       used 15827K, committed 16128K, reserved 1114112K
  class space    used 1882K, committed 2048K, reserved 1048576K
}
Event: 1.840 GC heap before
{Heap before GC invocations=3 (full 0):
 garbage-first heap   total 98304K, used 25041K [0x00000000a3e00000, 0x0000000100000000)
  region size 1024K, 23 young (23552K), 5 survivors (5120K)
 Metaspace       used 21264K, committed 21504K, reserved 1114112K
  class space    used 2759K, committed 2880K, reserved 1048576K
}
Event: 1.847 GC heap after
{Heap after GC invocations=4 (full 0):
 garbage-first heap   total 98304K, used 11510K [0x00000000a3e00000, 0x0000000100000000)
  region size 1024K, 3 young (3072K), 3 survivors (3072K)
 Metaspace       used 21264K, committed 21504K, reserved 1114112K
  class space    used 2759K, committed 2880K, reserved 1048576K
}
Event: 4.169 GC heap before
{Heap before GC invocations=5 (full 0):
 garbage-first heap   total 48128K, used 38134K [0x00000000a3e00000, 0x0000000100000000)
  region size 1024K, 20 young (20480K), 3 survivors (3072K)
 Metaspace       used 26001K, committed 26368K, reserved 1114112K
  class space    used 3750K, committed 3904K, reserved 1048576K
}
Event: 4.176 GC heap after
{Heap after GC invocations=6 (full 0):
 garbage-first heap   total 48128K, used 22626K [0x00000000a3e00000, 0x0000000100000000)
  region size 1024K, 2 young (2048K), 2 survivors (2048K)
 Metaspace       used 26001K, committed 26368K, reserved 1114112K
  class space    used 3750K, committed 3904K, reserved 1048576K
}
Event: 6.225 GC heap before
{Heap before GC invocations=6 (full 0):
 garbage-first heap   total 48128K, used 24674K [0x00000000a3e00000, 0x0000000100000000)
  region size 1024K, 3 young (3072K), 2 survivors (2048K)
 Metaspace       used 26284K, committed 26624K, reserved 1114112K
  class space    used 3782K, committed 3968K, reserved 1048576K
}
Event: 6.229 GC heap after
{Heap after GC invocations=7 (full 0):
 garbage-first heap   total 48128K, used 23627K [0x00000000a3e00000, 0x0000000100000000)
  region size 1024K, 1 young (1024K), 1 survivors (1024K)
 Metaspace       used 26284K, committed 26624K, reserved 1114112K
  class space    used 3782K, committed 3968K, reserved 1048576K
}
Event: 9.184 GC heap before
{Heap before GC invocations=7 (full 0):
 garbage-first heap   total 48128K, used 25675K [0x00000000a3e00000, 0x0000000100000000)
  region size 1024K, 4 young (4096K), 1 survivors (1024K)
 Metaspace       used 26677K, committed 27008K, reserved 1114112K
  class space    used 3796K, committed 3968K, reserved 1048576K
}
Event: 9.187 GC heap after
{Heap after GC invocations=8 (full 0):
 garbage-first heap   total 48128K, used 24019K [0x00000000a3e00000, 0x0000000100000000)
  region size 1024K, 1 young (1024K), 1 survivors (1024K)
 Metaspace       used 26677K, committed 27008K, reserved 1114112K
  class space    used 3796K, committed 3968K, reserved 1048576K
}

