# JRE version: OpenJDK Runtime Environment (17.0.8.1+1) (build 17.0.8.1+1-Ubuntu-0ubuntu122.04)
# Java VM: OpenJDK 64-Bit Server VM (17.0.8.1+1-Ubuntu-0ubuntu122.04, mixed mode, sharing, tiered, compressed oops, compressed class ptrs, g1 gc, linux-amd64)
Heap:
 garbage-first heap   total 58368K, used 30974K [0x00000000a3e00000, 0x0000000100000000)
  region size 1024K, 7 young (7168K), 1 survivors (1024K)
 Metaspace       used 27465K, committed 27776K, reserved 1114112K
  class space    used 3815K, committed 3968K, reserved 1048576K
GC Heap History (20 events):
Event: 0.353 GC heap before
{Heap before GC invocations=0 (full 0):
 garbage-first heap   total 98304K, used 14316K [0x00000000a3e00000, 0x0000000100000000)
  region size 1024K, 13 young (13312K), 0 survivors (0K)
 Metaspace       used 4236K, committed 4416K, reserved 1114112K
  class space    used 489K, committed 576K, reserved 1048576K
}
Event: 0.357 GC heap after
{Heap after GC invocations=1 (full 0):
 garbage-first heap   total 98304K, used 3681K [0x00000000a3e00000, 0x0000000100000000)
  region size 1024K, 2 young (2048K), 2 survivors (2048K)
 Metaspace       used 4236K, committed 4416K, reserved 1114112K
  class space    used 489K, committed 576K, reserved 1048576K
}
Event: 0.534 GC heap before
{Heap before GC invocations=1 (full 0):
 garbage-first heap   total 98304K, used 19041K [0x00000000a3e00000, 0x0000000100000000)
  region size 1024K, 18 young (18432K), 2 survivors (2048K)
 Metaspace       used 5964K, committed 6080K, reserved 1114112K
  class space    used 715K, committed 768K, reserved 1048576K
}
Event: 0.538 GC heap after
{Heap after GC invocations=2 (full 0):
 garbage-first heap   total 98304K, used 4441K [0x00000000a3e00000, 0x0000000100000000)
  region size 1024K, 1 young (1024K), 1 survivors (1024K)
 Metaspace       used 5964K, committed 6080K, reserved 1114112K
  class space    used 715K, committed 768K, reserved 1048576K
}
Event: 1.781 GC heap before
{Heap before GC invocations=2 (full 0):
 garbage-first heap   total 98304K, used 60761K [0x00000000a3e00000, 0x0000000100000000)
  region size 1024K, 56 young (57344K), 1 survivors (1024K)
 Metaspace       used 15843K, committed 16128K, reserved 1114112K
  class space    used 1882K, committed 2048K, reserved 1048576K
}
Event: 1.794 GC heap after
{Heap after GC invocations=3 (full 0):
 garbage-first heap   total 98304K, used 8758K [0x00000000a3e00000, 0x0000000100000000)
  region size 1024K, 5 young (5120K), 5 survivors (5120K)
 Metaspace       used 15843K, committed 16128K, reserved 1114112K
  class space    used 1882K, committed 2048K, reserved 1048576K
}
Event: 2.110 GC heap before
{Heap before GC invocations=3 (full 0):
 garbage-first heap   total 98304K, used 25142K [0x00000000a3e00000, 0x0000000100000000)
  region size 1024K, 23 young (23552K), 5 survivors (5120K)
 Metaspace       used 21251K, committed 21504K, reserved 1114112K
  class space    used 2755K, committed 2880K, reserved 1048576K
}
Event: 2.119 GC heap after
{Heap after GC invocations=4 (full 0):
 garbage-first heap   total 98304K, used 11832K [0x00000000a3e00000, 0x0000000100000000)
  region size 1024K, 3 young (3072K), 3 survivors (3072K)
 Metaspace       used 21251K, committed 21504K, reserved 1114112K
  class space    used 2755K, committed 2880K, reserved 1048576K
}
Event: 55.331 GC heap before
{Heap before GC invocations=5 (full 0):
 garbage-first heap   total 48128K, used 38456K [0x00000000a3e00000, 0x0000000100000000)
  region size 1024K, 20 young (20480K), 3 survivors (3072K)
 Metaspace       used 26006K, committed 26368K, reserved 1114112K
  class space    used 3736K, committed 3904K, reserved 1048576K
}
Event: 55.341 GC heap after
{Heap after GC invocations=6 (full 0):
 garbage-first heap   total 48128K, used 23147K [0x00000000a3e00000, 0x0000000100000000)
  region size 1024K, 2 young (2048K), 2 survivors (2048K)
 Metaspace       used 26006K, committed 26368K, reserved 1114112K
  class space    used 3736K, committed 3904K, reserved 1048576K
}
Event: 55.382 GC heap before
{Heap before GC invocations=6 (full 0):
 garbage-first heap   total 48128K, used 23147K [0x00000000a3e00000, 0x0000000100000000)
  region size 1024K, 3 young (3072K), 2 survivors (2048K)
 Metaspace       used 26191K, committed 26560K, reserved 1114112K
  class space    used 3758K, committed 3968K, reserved 1048576K
}
Event: 55.386 GC heap after
{Heap after GC invocations=7 (full 0):
 garbage-first heap   total 48128K, used 23062K [0x00000000a3e00000, 0x0000000100000000)
  region size 1024K, 1 young (1024K), 1 survivors (1024K)
 Metaspace       used 26191K, committed 26560K, reserved 1114112K
  class space    used 3758K, committed 3968K, reserved 1048576K
}
Event: 59.477 GC heap before
{Heap before GC invocations=8 (full 0):
 garbage-first heap   total 48128K, used 26134K [0x00000000a3e00000, 0x0000000100000000)
  region size 1024K, 4 young (4096K), 1 survivors (1024K)
 Metaspace       used 26781K, committed 27136K, reserved 1114112K
  class space    used 3795K, committed 3968K, reserved 1048576K
}
Event: 59.482 GC heap after
{Heap after GC invocations=9 (full 0):
 garbage-first heap   total 58368K, used 24528K [0x00000000a3e00000, 0x0000000100000000)
  region size 1024K, 1 young (1024K), 1 survivors (1024K)
 Metaspace       used 26781K, committed 27136K, reserved 1114112K
  class space    used 3795K, committed 3968K, reserved 1048576K
}
Event: 60.287 GC heap before
{Heap before GC invocations=9 (full 0):
 garbage-first heap   total 58368K, used 26576K [0x00000000a3e00000, 0x0000000100000000)
  region size 1024K, 3 young (3072K), 1 survivors (1024K)
 Metaspace       used 26919K, committed 27200K, reserved 1114112K
  class space    used 3806K, committed 3968K, reserved 1048576K
}
Event: 60.288 GC heap after
{Heap after GC invocations=10 (full 0):
 garbage-first heap   total 58368K, used 24645K [0x00000000a3e00000, 0x0000000100000000)
  region size 1024K, 1 young (1024K), 1 survivors (1024K)
 Metaspace       used 26919K, committed 27200K, reserved 1114112K
  class space    used 3806K, committed 3968K, reserved 1048576K
}
Event: 61.997 GC heap before
{Heap before GC invocations=10 (full 0):
 garbage-first heap   total 58368K, used 26693K [0x00000000a3e00000, 0x0000000100000000)
  region size 1024K, 3 young (3072K), 1 survivors (1024K)
 Metaspace       used 27134K, committed 27456K, reserved 1114112K
  class space    used 3808K, committed 3968K, reserved 1048576K
}
Event: 62.000 GC heap after
{Heap after GC invocations=11 (full 0):
 garbage-first heap   total 58368K, used 24744K [0x00000000a3e00000, 0x0000000100000000)
  region size 1024K, 1 young (1024K), 1 survivors (1024K)
 Metaspace       used 27134K, committed 27456K, reserved 1114112K
  class space    used 3808K, committed 3968K, reserved 1048576K
}
Event: 63.148 GC heap before
{Heap before GC invocations=11 (full 0):
 garbage-first heap   total 58368K, used 26792K [0x00000000a3e00000, 0x0000000100000000)
  region size 1024K, 3 young (3072K), 1 survivors (1024K)
 Metaspace       used 27226K, committed 27520K, reserved 1114112K
  class space    used 3808K, committed 3968K, reserved 1048576K
}
Event: 63.150 GC heap after
{Heap after GC invocations=12 (full 0):
 garbage-first heap   total 58368K, used 24830K [0x00000000a3e00000, 0x0000000100000000)
  region size 1024K, 1 young (1024K), 1 survivors (1024K)
 Metaspace       used 27226K, committed 27520K, reserved 1114112K
  class space    used 3808K, committed 3968K, reserved 1048576K
}

